        -:    0:Source:main.c
        -:    0:Graph:main.gcno
        -:    0:Data:main.gcda
        -:    0:Runs:2
        -:    0:Programs:1
        -:    1:#include <stdlib.h>
        -:    2:#include <stdio.h>
        -:    3:#include "ppcm.c"
        -:    4:
        2:    5:void test(int x, int y, int result) {
        2:    6:  int pc = ppcm(x, y);
        2:    7:  if (pc == result) {
        2:    8:    printf("PASSED\n");
        -:    9:  }
        -:   10:  else {
    #####:   11:    printf("FAILED\n");
        -:   12:  }
        2:   13:}
        -:   14:
        -:   15:
        -:   16:/* void lancer_test() { */
        -:   17:/*   test(2,3,6); */
        -:   18:/*   test(3,3,3); */
        -:   19:/*   test(0,0,0); */
        -:   20:/*   test(0,6,0); */
        -:   21:/*   test(-2,-3,6); */
        -:   22:/*   test(4,6,12); */
        -:   23:/* } */
        -:   24:
        -:   25:
        2:   26:int main(int argc, char** argv) {
        2:   27:   if (argc == 4) {
        2:   28:     test(atoi(argv[1]), atoi(argv[2]), atoi(argv[3]));
        -:   29:  }
        -:   30:  else {
    #####:   31:    printf("Il faut 3 entiers en paramètres : x, y et résultat\n");
        -:   32:  }
        2:   33:}
        -:   34:
