        -:    0:Source:main.c
        -:    0:Graph:main.gcno
        -:    0:Data:main.gcda
        -:    0:Runs:5
        -:    0:Programs:1
        -:    1:#include <stdio.h>
        -:    2:#include <stdlib.h>
        -:    3:#include "mul.c"
        -:    4:
function main called 5 returned 100% blocks executed 82%
        5:    5:int main(int argc, char** argv) {
        -:    6:
        5:    7:  int a = atoi(argv[1]);
call    0 returned 100%
        5:    8:  int b = atoi(argv[2]);
call    0 returned 100%
        5:    9:  int expected = atoi(argv[3]);
call    0 returned 100%
        -:   10:
        5:   11:  int res = mul(a,b);
call    0 returned 100%
        -:   12:
        5:   13:  printf("mul(%d, %d) =  %d\n", a, b, res);
call    0 returned 100%
        5:   14:  if (expected == res) {
branch  0 taken 100% (fallthrough)
branch  1 taken 0%
        5:   15:    printf("OK\n");
call    0 returned 100%
        5:   16:    return EXIT_SUCCESS;
        -:   17:  }
        -:   18:  else {
    #####:   19:    printf("FAILED\n");
call    0 never executed
    #####:   20:    return EXIT_FAILURE;
        -:   21:  }
        -:   22:}
